<?xml version="1.0" encoding="UTF-8"?>
<!-- Generated by org.testng.reporters.JUnitXMLReporter -->
<testsuite hostname="Mohammads-Air" ignored="24" name="Default test" tests="2" failures="0" timestamp="02 Nov 2020 03:36:27 GMT" time="38.376" errors="0">
  <testcase name="selectAppliances" time="9.783" classname="com.adidas.qa.tests.HomePageTest"/>
  <testcase name="testListOfAboutUs" time="10.916" classname="com.adidas.qa.tests.HomePageTest"/>
  <testcase name="testSearchItem3" time="0.0" classname="com.adidas.qa.tests.HomePageTest">
    <ignored/>
  </testcase> <!-- testSearchItem3 -->
  <testcase name="testSearchItem1" time="0.0" classname="com.adidas.qa.tests.HomePageTest">
    <ignored/>
  </testcase> <!-- testSearchItem1 -->
  <testcase name="testMen" time="0.0" classname="com.adidas.qa.tests.HomePageTest">
    <ignored/>
  </testcase> <!-- testMen -->
  <testcase name="ourLocationsTest0" time="0.0" classname="com.adidas.qa.tests.HomePageTest">
    <ignored/>
  </testcase> <!-- ourLocationsTest0 -->
  <testcase name="findADocotorByPrimaryCareTest" time="0.0" classname="com.adidas.qa.tests.HomePageTest">
    <ignored/>
  </testcase> <!-- findADocotorByPrimaryCareTest -->
  <testcase name="testOrderTracker1" time="0.0" classname="com.adidas.qa.tests.HomePageTest">
    <ignored/>
  </testcase> <!-- testOrderTracker1 -->
  <testcase name="testAnotherWebsite1" time="0.0" classname="com.adidas.qa.tests.HomePageTest">
    <ignored/>
  </testcase> <!-- testAnotherWebsite1 -->
  <testcase name="searchButtonTest1" time="0.0" classname="com.adidas.qa.tests.HomePageTest">
    <ignored/>
  </testcase> <!-- searchButtonTest1 -->
  <testcase name="sendKeysToAmazonSearch" time="0.0" classname="com.adidas.qa.tests.HomePageTest">
    <ignored/>
  </testcase> <!-- sendKeysToAmazonSearch -->
  <testcase name="testAnotherWebsite2" time="0.0" classname="com.adidas.qa.tests.HomePageTest">
    <ignored/>
  </testcase> <!-- testAnotherWebsite2 -->
  <testcase name="testAnotherWebsite3" time="0.0" classname="com.adidas.qa.tests.HomePageTest">
    <ignored/>
  </testcase> <!-- testAnotherWebsite3 -->
  <testcase name="testAboutUs" time="0.0" classname="com.adidas.qa.tests.HomePageTest">
    <ignored/>
  </testcase> <!-- testAboutUs -->
  <testcase name="urgentCareTest" time="0.0" classname="com.adidas.qa.tests.HomePageTest">
    <ignored/>
  </testcase> <!-- urgentCareTest -->
  <testcase name="selectArtsCraftsAndSewing" time="0.0" classname="com.adidas.qa.tests.HomePageTest">
    <ignored/>
  </testcase> <!-- selectArtsCraftsAndSewing -->
  <testcase name="selectAlexaSkillsTest" time="0.0" classname="com.adidas.qa.tests.HomePageTest">
    <ignored/>
  </testcase> <!-- selectAlexaSkillsTest -->
  <testcase name="verifyHomePageAppLogo" time="0.0" classname="com.adidas.qa.tests.HomePageTest">
    <ignored/>
  </testcase> <!-- verifyHomePageAppLogo -->
  <testcase name="searchButtonTest2" time="0.0" classname="com.adidas.qa.tests.HomePageTest">
    <ignored/>
  </testcase> <!-- searchButtonTest2 -->
  <testcase name="testSearchField" time="0.0" classname="com.adidas.qa.tests.HomePageTest">
    <ignored/>
  </testcase> <!-- testSearchField -->
  <testcase name="testExchange" time="0.0" classname="com.adidas.qa.tests.HomePageTest">
    <ignored/>
  </testcase> <!-- testExchange -->
  <testcase name="testOrderTracker2" time="0.0" classname="com.adidas.qa.tests.HomePageTest">
    <ignored/>
  </testcase> <!-- testOrderTracker2 -->
  <testcase name="verifyHomePageTitleTest" time="0.0" classname="com.adidas.qa.tests.HomePageTest">
    <ignored/>
  </testcase> <!-- verifyHomePageTitleTest -->
  <testcase name="testSearchItem2" time="0.0" classname="com.adidas.qa.tests.HomePageTest">
    <ignored/>
  </testcase> <!-- testSearchItem2 -->
  <testcase name="testMen2" time="0.0" classname="com.adidas.qa.tests.HomePageTest">
    <ignored/>
  </testcase> <!-- testMen2 -->
  <testcase name="testHelp" time="0.0" classname="com.adidas.qa.tests.HomePageTest">
    <ignored/>
  </testcase> <!-- testHelp -->
</testsuite> <!-- Default test -->
