<?xml version="1.0" encoding="UTF-8"?>
<!-- Generated by org.testng.reporters.JUnitXMLReporter -->
<testsuite hostname="Mohammads-Air" ignored="0" name="Default test" tests="3" failures="0" timestamp="16 Nov 2020 01:42:30 GMT" time="100.935" errors="0">
  <testcase name="loginTestWithDataProvider" time="23.045" classname="testDataProviderUtilityWithXlsReader.TestLogInByXls"/>
  <testcase name="loginTestWithDataProvider" time="22.139" classname="testDataProviderUtilityWithXlsReader.TestLogInByXls"/>
  <testcase name="loginTestWithDataProvider" time="22.338" classname="testDataProviderUtilityWithXlsReader.TestLogInByXls"/>
</testsuite> <!-- Default test -->
