<?xml version="1.0" encoding="UTF-8"?>
<!-- Generated by org.testng.reporters.JUnitXMLReporter -->
<testsuite hostname="Mohammads-Air" ignored="4" name="grouping" tests="1" failures="0" timestamp="11 Oct 2020 23:56:52 GMT" time="10.438" errors="0">
  <testcase name="testSearchField" time="0.108" classname="com.adidas.qa.tests.HomePageTest"/>
  <testcase name="verifyHomePageAppLogo" time="0.0" classname="com.adidas.qa.tests.HomePageTest">
    <ignored/>
  </testcase> <!-- verifyHomePageAppLogo -->
  <testcase name="testExchange" time="0.0" classname="com.adidas.qa.tests.HomePageTest">
    <ignored/>
  </testcase> <!-- testExchange -->
  <testcase name="verifyHomePageTitleTest" time="0.0" classname="com.adidas.qa.tests.HomePageTest">
    <ignored/>
  </testcase> <!-- verifyHomePageTitleTest -->
  <testcase name="testHelp" time="0.0" classname="com.adidas.qa.tests.HomePageTest">
    <ignored/>
  </testcase> <!-- testHelp -->
</testsuite> <!-- grouping -->
