<?xml version="1.0" encoding="UTF-8"?>
<!-- Generated by org.testng.reporters.JUnitXMLReporter -->
<testsuite hostname="Mohammads-Air" ignored="0" name="grouping" tests="4" failures="0" timestamp="23 Sep 2020 04:18:56 GMT" time="18.371" errors="0">
  <testcase name="testLightSearch" time="7.824" classname="com.adidas.qa.tests.HomePageTest"/>
  <testcase name="testSearchField" time="0.141" classname="com.adidas.qa.tests.HomePageTest"/>
  <testcase name="verifyHomePageAppLogo" time="0.129" classname="com.adidas.qa.tests.HomePageTest"/>
  <testcase name="verifyHomePageTitleTest" time="0.013" classname="com.adidas.qa.tests.HomePageTest"/>
</testsuite> <!-- grouping -->
