<?xml version="1.0" encoding="UTF-8"?>
<!-- Generated by org.testng.reporters.JUnitXMLReporter -->
<testsuite hostname="Mohammads-Air" ignored="0" name="Adidas sanity Test" tests="3" failures="0" timestamp="17 Sep 2020 03:48:55 GMT" time="8.511" errors="0">
  <testcase name="testSearchField" time="0.628" classname="com.adidas.qa.tests.HomePageTest"/>
  <testcase name="verifyHomePageAppLogo" time="0.312" classname="com.adidas.qa.tests.HomePageTest"/>
  <testcase name="verifyHomePageTitleTest" time="0.013" classname="com.adidas.qa.tests.HomePageTest"/>
</testsuite> <!-- Adidas sanity Test -->
