<?xml version="1.0" encoding="UTF-8"?>
<testng-results skipped="0" failed="0" ignored="13" total="14" passed="1">
  <reporter-output>
  </reporter-output>
  <suite name="Default suite" duration-ms="32190" started-at="2020-10-12T02:29:23Z" finished-at="2020-10-12T02:29:55Z">
    <groups>
    </groups>
    <test name="Default test" duration-ms="32190" started-at="2020-10-12T02:29:23Z" finished-at="2020-10-12T02:29:55Z">
      <class name="com.adidas.qa.tests.HomePageTest">
        <test-method status="PASS" signature="setUp()[pri:0, instance:com.adidas.qa.tests.HomePageTest@10db82ae]" name="setUp" is-config="true" duration-ms="16829" started-at="2020-10-12T02:29:23Z" finished-at="2020-10-12T02:29:40Z">
          <reporter-output>
          </reporter-output>
        </test-method> <!-- setUp -->
        <test-method status="PASS" signature="testAnotherWebsite3()[pri:0, instance:com.adidas.qa.tests.HomePageTest@10db82ae]" name="testAnotherWebsite3" duration-ms="14048" started-at="2020-10-12T02:29:40Z" finished-at="2020-10-12T02:29:54Z">
          <reporter-output>
          </reporter-output>
        </test-method> <!-- testAnotherWebsite3 -->
        <test-method status="PASS" signature="quitBrowser()[pri:0, instance:com.adidas.qa.tests.HomePageTest@10db82ae]" name="quitBrowser" is-config="true" duration-ms="716" started-at="2020-10-12T02:29:54Z" finished-at="2020-10-12T02:29:55Z">
          <reporter-output>
          </reporter-output>
        </test-method> <!-- quitBrowser -->
      </class> <!-- com.adidas.qa.tests.HomePageTest -->
    </test> <!-- Default test -->
  </suite> <!-- Default suite -->
</testng-results>
