<?xml version="1.0" encoding="UTF-8"?>
<testng-results skipped="0" failed="0" ignored="24" total="26" passed="2">
  <reporter-output>
  </reporter-output>
  <suite name="Default suite" duration-ms="38376" started-at="2020-11-02T03:35:48Z" finished-at="2020-11-02T03:36:26Z">
    <groups>
    </groups>
    <test name="Default test" duration-ms="38376" started-at="2020-11-02T03:35:48Z" finished-at="2020-11-02T03:36:26Z">
      <class name="com.adidas.qa.tests.HomePageTest">
        <test-method status="PASS" signature="setUp()[pri:0, instance:com.adidas.qa.tests.HomePageTest@10db82ae]" name="setUp" is-config="true" duration-ms="15093" started-at="2020-11-02T03:35:49Z" finished-at="2020-11-02T03:36:04Z">
          <reporter-output>
          </reporter-output>
        </test-method> <!-- setUp -->
        <test-method status="PASS" signature="selectAppliances()[pri:0, instance:com.adidas.qa.tests.HomePageTest@10db82ae]" name="selectAppliances" duration-ms="9783" started-at="2020-11-02T03:36:04Z" finished-at="2020-11-02T03:36:14Z">
          <reporter-output>
          </reporter-output>
        </test-method> <!-- selectAppliances -->
        <test-method status="PASS" signature="testListOfAboutUs()[pri:2, instance:com.adidas.qa.tests.HomePageTest@10db82ae]" name="testListOfAboutUs" duration-ms="10916" started-at="2020-11-02T03:36:14Z" finished-at="2020-11-02T03:36:25Z">
          <reporter-output>
          </reporter-output>
        </test-method> <!-- testListOfAboutUs -->
        <test-method status="PASS" signature="quitBrowser()[pri:0, instance:com.adidas.qa.tests.HomePageTest@10db82ae]" name="quitBrowser" is-config="true" duration-ms="1795" started-at="2020-11-02T03:36:25Z" finished-at="2020-11-02T03:36:26Z">
          <reporter-output>
          </reporter-output>
        </test-method> <!-- quitBrowser -->
      </class> <!-- com.adidas.qa.tests.HomePageTest -->
    </test> <!-- Default test -->
  </suite> <!-- Default suite -->
</testng-results>
